\BOOKMARK [0][-]{chapter.1}{\376\377\000\332\000v\000o\000d}{}
\BOOKMARK [1][-]{section.1.1}{\376\377\000P\000l\000a\000g\000i\000\341\000t\000o\000r\000s\000t\000v\000\355}{chapter.1}
\BOOKMARK [1][-]{section.1.2}{\376\377\000T\000y\000p\000y\000\040\000p\000l\000a\000g\000i\000\341\000t\000o\000r\000s\000t\000v\000\355}{chapter.1}
\BOOKMARK [1][-]{section.1.3}{\376\377\000J\000a\000z\000y\000k\000\040\000P\000H\000P}{chapter.1}
\BOOKMARK [2][-]{subsection.1.3.1}{\376\377\000S\000p\000e\000c\000i\000f\000i\000k\000a\000\040\000j\000a\000z\000y\000k\000a\000\040\000P\000H\000P}{section.1.3}
\BOOKMARK [2][-]{subsection.1.3.2}{\376\377\000K\000v\000a\000l\000i\000t\000a\000\040\000k\000\363\000d\000u}{section.1.3}
\BOOKMARK [0][-]{chapter.2}{\376\377\000A\000n\000a\000l\000\375\000z\000a\000\040\000p\000r\000o\000b\000l\000\351\000m\000u}{}
\BOOKMARK [1][-]{section.2.1}{\376\377\000T\000o\000k\000e\000n\000i\000z\000a\000c\000e}{chapter.2}
\BOOKMARK [1][-]{section.2.2}{\376\377\000A\000b\000s\000t\000r\000a\000k\000t\000n\000\355\000\040\000s\000y\000n\000t\000a\000k\000t\000i\000c\000k\000\375\000\040\000s\000t\000r\000o\000m}{chapter.2}
\BOOKMARK [1][-]{section.2.3}{\376\377\000H\000a\000l\000s\000t\000e\000a\000d\000o\000v\000a\000\040\000m\000e\000t\000r\000i\000k\000a}{chapter.2}
\BOOKMARK [1][-]{section.2.4}{\376\377\000L\000e\000v\000e\000n\000s\000h\000t\000e\000i\000n\000o\000v\000a\000\040\000v\000z\000d\000\341\000l\000e\000n\000o\000s\000t}{chapter.2}
\BOOKMARK [1][-]{section.2.5}{\376\377\000O\000t\000i\000s\000k\000y\000\040\000d\000o\000k\000u\000m\000e\000n\000t\001\157}{chapter.2}
\BOOKMARK [0][-]{chapter.3}{\376\377\000N\000\341\000v\000r\000h\000\040\001\131\000e\001\141\000e\000n\000\355}{}
\BOOKMARK [1][-]{section.3.1}{\376\377\000L\000e\000x\000i\000k\000\341\000l\000n\000\355\000\040\000a\000n\000a\000l\000\375\000z\000a}{chapter.3}
\BOOKMARK [1][-]{section.3.2}{\376\377\000A\000n\000a\000l\000\375\000z\000a\000\040\000t\000o\000k\000e\000n\001\157}{chapter.3}
\BOOKMARK [1][-]{section.3.3}{\376\377\000H\000a\000l\000s\000t\000e\000a\000d\000o\000v\000a\000\040\000m\000e\000t\000r\000i\000k\000a}{chapter.3}
\BOOKMARK [1][-]{section.3.4}{\376\377\000L\000e\000v\000e\000n\000s\000t\000h\000e\000i\000n\000o\000v\000a\000\040\000v\000z\000d\000\341\000l\000e\000n\000o\000s\000t}{chapter.3}
\BOOKMARK [1][-]{section.3.5}{\376\377\000P\000o\000r\000o\000v\000n\000\341\000n\000\355\000\040\000a\000b\000s\000t\000r\000a\000k\000t\000n\000\355\000c\000h\000\040\000s\000y\000n\000t\000a\000k\000t\000i\000c\000k\000\375\000c\000h\000\040\000s\000t\000r\000o\000m\001\157}{chapter.3}
\BOOKMARK [1][-]{section.3.6}{\376\377\000M\000e\000t\000o\000d\000a\000\040\000w\000i\000n\000n\000o\000w\000i\000n\000g}{chapter.3}
\BOOKMARK [1][-]{section.3.7}{\376\377\001\130\000\355\000z\000e\000n\000\355\000\040\000p\000r\000o\000g\000r\000a\000m\000u}{chapter.3}
\BOOKMARK [0][-]{chapter.4}{\376\377\000E\000x\000p\000e\000r\000i\000m\000e\000n\000t\000y}{}
\BOOKMARK [0][-]{chapter.5}{\376\377\000V\000\375\000s\000l\000e\000d\000k\000y\000\040\000a\000\040\000z\000h\000o\000d\000n\000o\000c\000e\000n\000\355\000\040\000p\000r\000\341\000c\000e}{}
\BOOKMARK [1][-]{section.5.1}{\376\377\000T\000e\000s\000t\000o\000v\000\341\000n\000\355\000\040\000a\000\040\000s\000t\000a\000t\000i\000s\000t\000i\000k\000y}{chapter.5}
\BOOKMARK [1][-]{section.5.2}{\376\377\000N\000\341\000v\000r\000h\000y\000\040\000n\000a\000\040\000r\000o\000z\001\141\000\355\001\131\000e\000n\000\355}{chapter.5}
\BOOKMARK [0][-]{chapter.6}{\376\377\000Z\000\341\000v\001\033\000r}{}
